<?xml version="1.0" encoding="UTF-8"?>
<!-- Generated by org.testng.reporters.JUnitXMLReporter -->
<testsuite ignored="2" hostname="DESKTOP-NCPGDBO" failures="0" tests="1" name="Test" time="12.084" errors="0" timestamp="2024-08-28T16:49:01 IST">
  <testcase classname="testCases.TC002_LoginTest" name="verifyLogin" time="2.689"/>
  <testcase classname="testCases.TC003_LoginDDT" name="verify_loginDDT" time="0.0">
    <ignored/>
  </testcase> <!-- verify_loginDDT -->
  <testcase classname="testCases.TC001_AccountRegistrationTest" name="verify_account_registratio" time="0.0">
    <ignored/>
  </testcase> <!-- verify_account_registratio -->
</testsuite> <!-- Test -->
