<?xml version="1.0" encoding="UTF-8"?>
<testng-results ignored="0" total="2" passed="2" failed="0" skipped="0">
  <reporter-output>
  </reporter-output>
  <suite started-at="2024-09-04T11:37:52 IST" name="Suite" finished-at="2024-09-04T11:38:17 IST" duration-ms="25653">
    <groups>
      <group name="Master">
        <method signature="TC001_AccountRegistrationTest.verify_account_registratio()[pri:0, instance:testCases.TC001_AccountRegistrationTest@bf1ec20]" name="verify_account_registratio" class="testCases.TC001_AccountRegistrationTest"/>
        <method signature="TC002_LoginTest.verifyLogin()[pri:0, instance:testCases.TC002_LoginTest@85e6769]" name="verifyLogin" class="testCases.TC002_LoginTest"/>
      </group> <!-- Master -->
      <group name="Sanity">
        <method signature="TC002_LoginTest.verifyLogin()[pri:0, instance:testCases.TC002_LoginTest@85e6769]" name="verifyLogin" class="testCases.TC002_LoginTest"/>
      </group> <!-- Sanity -->
      <group name="Regression">
        <method signature="TC001_AccountRegistrationTest.verify_account_registratio()[pri:0, instance:testCases.TC001_AccountRegistrationTest@bf1ec20]" name="verify_account_registratio" class="testCases.TC001_AccountRegistrationTest"/>
      </group> <!-- Regression -->
    </groups>
    <test started-at="2024-09-04T11:37:52 IST" name="Test" finished-at="2024-09-04T11:38:17 IST" duration-ms="25653">
      <class name="testCases.TC002_LoginTest">
        <test-method is-config="true" signature="setup(java.lang.String,java.lang.String)[pri:0, instance:testCases.TC002_LoginTest@85e6769]" started-at="2024-09-04T11:37:52 IST" name="setup" finished-at="2024-09-04T11:38:01 IST" duration-ms="8632" status="PASS">
          <params>
            <param index="0">
              <value>
                <![CDATA[Windows]]>
              </value>
            </param>
            <param index="1">
              <value>
                <![CDATA[chrome]]>
              </value>
            </param>
          </params>
          <reporter-output>
          </reporter-output>
        </test-method> <!-- setup -->
        <test-method signature="verifyLogin()[pri:0, instance:testCases.TC002_LoginTest@85e6769]" started-at="2024-09-04T11:38:01 IST" name="verifyLogin" finished-at="2024-09-04T11:38:03 IST" duration-ms="2549" status="PASS">
          <reporter-output>
          </reporter-output>
        </test-method> <!-- verifyLogin -->
        <test-method is-config="true" signature="tearDown()[pri:0, instance:testCases.TC002_LoginTest@85e6769]" started-at="2024-09-04T11:38:03 IST" name="tearDown" finished-at="2024-09-04T11:38:04 IST" duration-ms="310" status="PASS">
          <reporter-output>
          </reporter-output>
        </test-method> <!-- tearDown -->
        <test-method is-config="true" signature="tearDown()[pri:0, instance:testCases.TC002_LoginTest@85e6769]" started-at="2024-09-04T11:38:04 IST" name="tearDown" finished-at="2024-09-04T11:38:04 IST" duration-ms="0" status="PASS">
          <reporter-output>
          </reporter-output>
        </test-method> <!-- tearDown -->
      </class> <!-- testCases.TC002_LoginTest -->
      <class name="testCases.TC001_AccountRegistrationTest">
        <test-method is-config="true" signature="setup(java.lang.String,java.lang.String)[pri:0, instance:testCases.TC001_AccountRegistrationTest@bf1ec20]" started-at="2024-09-04T11:38:04 IST" name="setup" finished-at="2024-09-04T11:38:13 IST" duration-ms="9690" status="PASS">
          <params>
            <param index="0">
              <value>
                <![CDATA[Windows]]>
              </value>
            </param>
            <param index="1">
              <value>
                <![CDATA[chrome]]>
              </value>
            </param>
          </params>
          <reporter-output>
          </reporter-output>
        </test-method> <!-- setup -->
        <test-method signature="verify_account_registratio()[pri:0, instance:testCases.TC001_AccountRegistrationTest@bf1ec20]" started-at="2024-09-04T11:38:13 IST" name="verify_account_registratio" finished-at="2024-09-04T11:38:17 IST" duration-ms="3808" status="PASS">
          <reporter-output>
          </reporter-output>
        </test-method> <!-- verify_account_registratio -->
        <test-method is-config="true" signature="tearDown()[pri:0, instance:testCases.TC001_AccountRegistrationTest@bf1ec20]" started-at="2024-09-04T11:38:17 IST" name="tearDown" finished-at="2024-09-04T11:38:17 IST" duration-ms="298" status="PASS">
          <reporter-output>
          </reporter-output>
        </test-method> <!-- tearDown -->
        <test-method is-config="true" signature="tearDown()[pri:0, instance:testCases.TC001_AccountRegistrationTest@bf1ec20]" started-at="2024-09-04T11:38:17 IST" name="tearDown" finished-at="2024-09-04T11:38:17 IST" duration-ms="0" status="PASS">
          <reporter-output>
          </reporter-output>
        </test-method> <!-- tearDown -->
      </class> <!-- testCases.TC001_AccountRegistrationTest -->
    </test> <!-- Test -->
  </suite> <!-- Suite -->
</testng-results>
