<?xml version="1.0" encoding="UTF-8"?>
<testng-results ignored="0" total="2" passed="2" failed="0" skipped="0">
  <reporter-output>
  </reporter-output>
  <suite started-at="2024-09-04T11:19:02 IST" name="Suite" finished-at="2024-09-04T11:19:29 IST" duration-ms="26406">
    <groups>
      <group name="Master">
        <method signature="TC001_AccountRegistrationTest.verify_account_registratio()[pri:0, instance:testCases.TC001_AccountRegistrationTest@cb191ca]" name="verify_account_registratio" class="testCases.TC001_AccountRegistrationTest"/>
        <method signature="TC002_LoginTest.verifyLogin()[pri:0, instance:testCases.TC002_LoginTest@2a3c96e3]" name="verifyLogin" class="testCases.TC002_LoginTest"/>
      </group> <!-- Master -->
      <group name="Sanity">
        <method signature="TC002_LoginTest.verifyLogin()[pri:0, instance:testCases.TC002_LoginTest@2a3c96e3]" name="verifyLogin" class="testCases.TC002_LoginTest"/>
      </group> <!-- Sanity -->
      <group name="Regression">
        <method signature="TC001_AccountRegistrationTest.verify_account_registratio()[pri:0, instance:testCases.TC001_AccountRegistrationTest@cb191ca]" name="verify_account_registratio" class="testCases.TC001_AccountRegistrationTest"/>
      </group> <!-- Regression -->
    </groups>
    <test started-at="2024-09-04T11:19:02 IST" name="Test" finished-at="2024-09-04T11:19:29 IST" duration-ms="26406">
      <class name="testCases.TC002_LoginTest">
        <test-method is-config="true" signature="setup(java.lang.String,java.lang.String)[pri:0, instance:testCases.TC002_LoginTest@2a3c96e3]" started-at="2024-09-04T11:19:03 IST" name="setup" finished-at="2024-09-04T11:19:12 IST" duration-ms="8986" status="PASS">
          <params>
            <param index="0">
              <value>
                <![CDATA[Windows]]>
              </value>
            </param>
            <param index="1">
              <value>
                <![CDATA[chrome]]>
              </value>
            </param>
          </params>
          <reporter-output>
          </reporter-output>
        </test-method> <!-- setup -->
        <test-method signature="verifyLogin()[pri:0, instance:testCases.TC002_LoginTest@2a3c96e3]" started-at="2024-09-04T11:19:12 IST" name="verifyLogin" finished-at="2024-09-04T11:19:15 IST" duration-ms="2909" status="PASS">
          <reporter-output>
          </reporter-output>
        </test-method> <!-- verifyLogin -->
        <test-method is-config="true" signature="tearDown()[pri:0, instance:testCases.TC002_LoginTest@2a3c96e3]" started-at="2024-09-04T11:19:15 IST" name="tearDown" finished-at="2024-09-04T11:19:15 IST" duration-ms="430" status="PASS">
          <reporter-output>
          </reporter-output>
        </test-method> <!-- tearDown -->
        <test-method is-config="true" signature="tearDown()[pri:0, instance:testCases.TC002_LoginTest@2a3c96e3]" started-at="2024-09-04T11:19:15 IST" name="tearDown" finished-at="2024-09-04T11:19:15 IST" duration-ms="1" status="PASS">
          <reporter-output>
          </reporter-output>
        </test-method> <!-- tearDown -->
      </class> <!-- testCases.TC002_LoginTest -->
      <class name="testCases.TC001_AccountRegistrationTest">
        <test-method is-config="true" signature="setup(java.lang.String,java.lang.String)[pri:0, instance:testCases.TC001_AccountRegistrationTest@cb191ca]" started-at="2024-09-04T11:19:15 IST" name="setup" finished-at="2024-09-04T11:19:22 IST" duration-ms="7172" status="PASS">
          <params>
            <param index="0">
              <value>
                <![CDATA[Windows]]>
              </value>
            </param>
            <param index="1">
              <value>
                <![CDATA[chrome]]>
              </value>
            </param>
          </params>
          <reporter-output>
          </reporter-output>
        </test-method> <!-- setup -->
        <test-method signature="verify_account_registratio()[pri:0, instance:testCases.TC001_AccountRegistrationTest@cb191ca]" started-at="2024-09-04T11:19:22 IST" name="verify_account_registratio" finished-at="2024-09-04T11:19:28 IST" duration-ms="6030" status="PASS">
          <reporter-output>
          </reporter-output>
        </test-method> <!-- verify_account_registratio -->
        <test-method is-config="true" signature="tearDown()[pri:0, instance:testCases.TC001_AccountRegistrationTest@cb191ca]" started-at="2024-09-04T11:19:28 IST" name="tearDown" finished-at="2024-09-04T11:19:29 IST" duration-ms="439" status="PASS">
          <reporter-output>
          </reporter-output>
        </test-method> <!-- tearDown -->
        <test-method is-config="true" signature="tearDown()[pri:0, instance:testCases.TC001_AccountRegistrationTest@cb191ca]" started-at="2024-09-04T11:19:29 IST" name="tearDown" finished-at="2024-09-04T11:19:29 IST" duration-ms="2" status="PASS">
          <reporter-output>
          </reporter-output>
        </test-method> <!-- tearDown -->
      </class> <!-- testCases.TC001_AccountRegistrationTest -->
    </test> <!-- Test -->
  </suite> <!-- Suite -->
</testng-results>
